<?xml version="1.0" encoding="utf-8"?><testsuite errors="0" failures="2" name="pytest" skips="0" tests="12" time="0.133"><testcase classname="test_submit.TestChalange2" file="test_submit.py" line="6" name="test_instance_class" time="0.0"></testcase><testcase classname="test_submit.TestChalange2" file="test_submit.py" line="10" name="test_protected_attribute_manager" time="0.0009887218475341797"></testcase><testcase classname="test_submit.TestChalange2" file="test_submit.py" line="15" name="test_protected_attribute" time="0.0"></testcase><testcase classname="test_submit.TestChalange2" file="test_submit.py" line="20" name="test_total_hours_seller" time="0.0009968280792236328"></testcase><testcase classname="test_submit.TestChalange2" file="test_submit.py" line="24" name="test_total_hours_manager" time="0.001987457275390625"></testcase><testcase classname="test_submit.TestChalange2" file="test_submit.py" line="28" name="test_get_department_seller" time="0.0009932518005371094"><failure message="AttributeError: &apos;Seller&apos; object has no attribute &apos;get_departament&apos;">E   AttributeError: &apos;Seller&apos; object has no attribute &apos;get_departament&apos;</failure></testcase><testcase classname="test_submit.TestChalange2" file="test_submit.py" line="32" name="test_get_department_manager" time="0.0009639263153076172"><failure message="AttributeError: &apos;Manager&apos; object has no attribute &apos;get_departament&apos;">E   AttributeError: &apos;Manager&apos; object has no attribute &apos;get_departament&apos;</failure></testcase><testcase classname="test_submit.TestChalange2" file="test_submit.py" line="36" name="test_sales_seller" time="0.0"></testcase><testcase classname="test_submit.TestChalange2" file="test_submit.py" line="42" name="test_protected_attribute_sales" time="0.000995635986328125"></testcase><testcase classname="test_submit.TestChalange2" file="test_submit.py" line="47" name="test_calc_bonus_seller" time="0.0019979476928710938"></testcase><testcase classname="test_submit.TestChalange2" file="test_submit.py" line="53" name="test_calc_bonus_manger" time="0.0"></testcase><testcase classname="test_submit.TestChalange2" file="test_submit.py" line="57" name="test_get_sales_manger" time="0.0"></testcase></testsuite>